TN:
SF:src/polyfills.ts
FNF:0
FNH:0
LF:0
LH:0
BRF:0
BRH:0
end_of_record
TN:
SF:src/test.ts
FNF:0
FNH:0
DA:18,1
DA:23,1
DA:25,1
LF:3
LH:3
BRF:0
BRH:0
end_of_record
TN:
SF:src/app/app.component.ts
FNF:0
FNH:0
DA:8,1
DA:9,2
LF:2
LH:2
BRF:0
BRH:0
end_of_record
TN:
SF:src/app/hero.service.ts
FN:20,(anonymous_0)
FN:25,(anonymous_1)
FN:28,(anonymous_2)
FN:34,(anonymous_3)
FN:38,(anonymous_4)
FN:39,(anonymous_5)
FN:48,(anonymous_6)
FN:51,(anonymous_7)
FN:57,(anonymous_8)
FN:63,(anonymous_9)
FN:73,(anonymous_10)
FN:75,(anonymous_11)
FN:81,(anonymous_12)
FN:86,(anonymous_13)
FN:92,(anonymous_14)
FN:94,(anonymous_15)
FN:105,(anonymous_16)
FN:106,(anonymous_17)
FN:120,(anonymous_18)
FNF:19
FNH:7
FNDA:2,(anonymous_0)
FNDA:1,(anonymous_1)
FNDA:1,(anonymous_2)
FNDA:0,(anonymous_3)
FNDA:0,(anonymous_4)
FNDA:0,(anonymous_5)
FNDA:1,(anonymous_6)
FNDA:1,(anonymous_7)
FNDA:0,(anonymous_8)
FNDA:0,(anonymous_9)
FNDA:0,(anonymous_10)
FNDA:0,(anonymous_11)
FNDA:0,(anonymous_12)
FNDA:0,(anonymous_13)
FNDA:0,(anonymous_14)
FNDA:0,(anonymous_15)
FNDA:2,(anonymous_16)
FNDA:0,(anonymous_17)
FNDA:2,(anonymous_18)
DA:12,1
DA:14,2
DA:16,2
DA:21,2
DA:22,2
DA:26,1
DA:28,1
DA:35,0
DA:36,0
DA:38,0
DA:40,0
DA:41,0
DA:49,1
DA:50,1
DA:51,1
DA:58,0
DA:60,0
DA:62,0
DA:63,0
DA:74,0
DA:75,0
DA:82,0
DA:83,0
DA:85,0
DA:86,0
DA:93,0
DA:94,0
DA:106,2
DA:109,0
DA:112,0
DA:115,0
DA:121,2
LF:32
LH:12
BRDA:40,0,0,0
BRDA:40,0,1,0
BRDA:58,1,0,0
BRDA:58,1,1,0
BRDA:64,2,0,0
BRDA:64,2,1,0
BRDA:82,3,0,0
BRDA:82,3,1,0
BRDA:105,4,0,0
BRF:9
BRH:0
end_of_record
TN:
SF:src/app/in-memory-data.service.ts
FN:9,(anonymous_0)
FN:30,(anonymous_1)
FN:31,(anonymous_2)
FNF:3
FNH:3
FNDA:1,(anonymous_0)
FNDA:3,(anonymous_1)
FNDA:3,(anonymous_2)
DA:8,1
DA:10,1
DA:22,1
DA:31,3
LF:4
LH:4
BRDA:31,0,0,2
BRDA:31,0,1,1
BRF:2
BRH:2
end_of_record
TN:
SF:src/app/message.service.ts
FN:17,(anonymous_0)
FN:9,(anonymous_1)
FN:13,(anonymous_2)
FNF:3
FNH:3
FNDA:6,(anonymous_0)
FNDA:9,(anonymous_1)
FNDA:2,(anonymous_2)
DA:6,1
DA:7,6
DA:10,9
DA:14,2
LF:4
LH:4
BRF:0
BRH:0
end_of_record
TN:
SF:src/app/dashboard/dashboard.component.ts
FN:13,(anonymous_0)
FN:15,(anonymous_1)
FN:19,(anonymous_2)
FN:21,(anonymous_3)
FNF:4
FNH:4
FNDA:3,(anonymous_0)
FNDA:5,(anonymous_1)
FNDA:5,(anonymous_2)
FNDA:5,(anonymous_3)
DA:10,1
DA:11,3
DA:13,3
DA:16,5
DA:20,5
DA:21,5
LF:6
LH:6
BRF:0
BRH:0
end_of_record
TN:
SF:src/app/hero-detail/hero-detail.component.ts
FN:16,(anonymous_0)
FN:22,(anonymous_1)
FN:26,(anonymous_2)
FN:29,(anonymous_3)
FN:32,(anonymous_4)
FN:36,(anonymous_5)
FN:38,(anonymous_6)
FNF:7
FNH:4
FNDA:2,(anonymous_0)
FNDA:3,(anonymous_1)
FNDA:3,(anonymous_2)
FNDA:3,(anonymous_3)
FNDA:0,(anonymous_4)
FNDA:0,(anonymous_5)
FNDA:0,(anonymous_6)
DA:13,1
DA:17,2
DA:18,2
DA:19,2
DA:23,3
DA:27,3
DA:28,3
DA:29,3
DA:33,0
DA:37,0
DA:38,0
LF:11
LH:8
BRF:0
BRH:0
end_of_record
TN:
SF:src/app/messages/messages.component.ts
FN:12,(anonymous_0)
FN:14,(anonymous_1)
FNF:2
FNH:2
FNDA:1,(anonymous_0)
FNDA:1,(anonymous_1)
DA:10,1
DA:12,1
LF:2
LH:2
BRF:0
BRH:0
end_of_record
